<?xml version="1.0" encoding="UTF-8"?>
<!-- Generated by org.testng.reporters.JUnitXMLReporter -->
<testsuite ignored="3" hostname="Rayhans-MBP.fios-router.home" failures="0" tests="1" name="Surefire test" time="10.393" errors="0" timestamp="16 Nov 2021 04:57:33 GMT">
  <testcase classname="com.test.LogInTest" name="LibertyMutualLogIn" time="3.094"/>
  <testcase classname="com.test.LogInTest" name="libertyMutualLogInByDataProvider" time="0.0">
    <ignored/>
  </testcase> <!-- libertyMutualLogInByDataProvider -->
  <testcase classname="com.test.LogInTest" name="libertyMutualLogInFromExcel" time="0.0">
    <ignored/>
  </testcase> <!-- libertyMutualLogInFromExcel -->
  <testcase classname="com.test.AutoQuoteTest" name="autoQuoteTest" time="0.0">
    <ignored/>
  </testcase> <!-- autoQuoteTest -->
</testsuite> <!-- Surefire test -->
