<?xml version="1.0" encoding="UTF-8"?>
<!-- Generated by org.testng.reporters.JUnitXMLReporter -->
<testsuite hostname="Rayhans-MBP.fios-router.home" ignored="0" name="Default test" tests="3" failures="0" timestamp="11 Dec 2021 13:17:55 GMT" time="33.136" errors="0">
  <testcase name="LibertyMutualLogIn" time="4.037" classname="com.test.LogInTest"/>
  <testcase name="libertyMutualLogInByDataProvider" time="2.751" classname="com.test.LogInTest"/>
  <testcase name="libertyMutualLogInFromExcel" time="3.061" classname="com.test.LogInTest"/>
</testsuite> <!-- Default test -->
