<?xml version="1.0" encoding="UTF-8"?>
<testng-results ignored="0" total="1" passed="1" failed="0" skipped="0">
  <reporter-output>
  </reporter-output>
  <suite started-at="2021-11-08T21:39:30Z" name="Surefire suite" finished-at="2021-11-08T21:39:41Z" duration-ms="10817">
    <groups>
    </groups>
    <test started-at="2021-11-08T21:39:30Z" name="Surefire test" finished-at="2021-11-08T21:39:41Z" duration-ms="10817">
      <class name="com.test.LogInTest">
        <test-method is-config="true" signature="setUpDriver()[pri:0, instance:com.test.LogInTest@1622f1b]" started-at="2021-11-08T21:39:30Z" name="setUpDriver" finished-at="2021-11-08T21:39:37Z" duration-ms="6967" status="PASS">
          <reporter-output>
          </reporter-output>
        </test-method> <!-- setUpDriver -->
        <test-method is-config="true" signature="pageInitialize()[pri:0, instance:com.test.LogInTest@1622f1b]" started-at="2021-11-08T21:39:37Z" name="pageInitialize" finished-at="2021-11-08T21:39:37Z" duration-ms="23" status="PASS">
          <reporter-output>
          </reporter-output>
        </test-method> <!-- pageInitialize -->
        <test-method signature="LibertyMutualLogIn()[pri:0, instance:com.test.LogInTest@1622f1b]" started-at="2021-11-08T21:39:37Z" name="LibertyMutualLogIn" finished-at="2021-11-08T21:39:41Z" duration-ms="3347" status="PASS">
          <reporter-output>
          </reporter-output>
        </test-method> <!-- LibertyMutualLogIn -->
        <test-method is-config="true" signature="tearDown()[pri:0, instance:com.test.LogInTest@1622f1b]" started-at="2021-11-08T21:39:41Z" name="tearDown" finished-at="2021-11-08T21:39:41Z" duration-ms="457" status="PASS">
          <reporter-output>
          </reporter-output>
        </test-method> <!-- tearDown -->
      </class> <!-- com.test.LogInTest -->
    </test> <!-- Surefire test -->
  </suite> <!-- Surefire suite -->
</testng-results>
