<?xml version="1.0" encoding="UTF-8"?>
<testng-results ignored="3" total="4" passed="1" failed="0" skipped="0">
  <reporter-output>
  </reporter-output>
  <suite started-at="2021-11-16T04:57:22Z" name="Surefire suite" finished-at="2021-11-16T04:57:33Z" duration-ms="10393">
    <groups>
    </groups>
    <test started-at="2021-11-16T04:57:22Z" name="Surefire test" finished-at="2021-11-16T04:57:33Z" duration-ms="10393">
      <class name="com.test.LogInTest">
        <test-method is-config="true" signature="setUpDriver()[pri:0, instance:com.test.LogInTest@30ee2816]" started-at="2021-11-16T04:57:22Z" name="setUpDriver" finished-at="2021-11-16T04:57:29Z" duration-ms="6888" status="PASS">
          <reporter-output>
          </reporter-output>
        </test-method> <!-- setUpDriver -->
        <test-method is-config="true" signature="pageInitialize()[pri:0, instance:com.test.LogInTest@30ee2816]" started-at="2021-11-16T04:57:29Z" name="pageInitialize" finished-at="2021-11-16T04:57:29Z" duration-ms="24" status="PASS">
          <reporter-output>
          </reporter-output>
        </test-method> <!-- pageInitialize -->
        <test-method signature="LibertyMutualLogIn()[pri:1, instance:com.test.LogInTest@30ee2816]" started-at="2021-11-16T04:57:29Z" name="LibertyMutualLogIn" finished-at="2021-11-16T04:57:32Z" duration-ms="3094" status="PASS">
          <reporter-output>
          </reporter-output>
        </test-method> <!-- LibertyMutualLogIn -->
        <test-method is-config="true" signature="tearDown()[pri:0, instance:com.test.LogInTest@30ee2816]" started-at="2021-11-16T04:57:32Z" name="tearDown" finished-at="2021-11-16T04:57:33Z" duration-ms="369" status="PASS">
          <reporter-output>
          </reporter-output>
        </test-method> <!-- tearDown -->
      </class> <!-- com.test.LogInTest -->
    </test> <!-- Surefire test -->
  </suite> <!-- Surefire suite -->
</testng-results>
